This file contains any messages produced by compilers while
running configure, to aid debugging if configure makes a mistake.

It was created by configure, which was
generated by GNU Autoconf 2.68.  Invocation command line was

  $ ./configure --no-create --no-recursion

## --------- ##
## Platform. ##
## --------- ##

hostname = ubuntu
uname -m = x86_64
uname -r = 3.0.0-30-generic
uname -s = Linux
uname -v = #47-Ubuntu SMP Wed Jan 2 23:16:29 UTC 2013

/usr/bin/uname -p = unknown
/bin/uname -X     = unknown

/bin/arch              = unknown
/usr/bin/arch -k       = unknown
/usr/convex/getsysinfo = unknown
/usr/bin/hostinfo      = unknown
/bin/machine           = unknown
/usr/bin/oslevel       = unknown
/bin/universe          = unknown

PATH: /usr/local/heroku/bin
PATH: /home/rodrigo/.rvm/gems/ruby-1.9.3-p374/bin
PATH: /home/rodrigo/.rvm/gems/ruby-1.9.3-p374@global/bin
PATH: /home/rodrigo/.rvm/rubies/ruby-1.9.3-p374/bin
PATH: /home/rodrigo/.rvm/bin
PATH: /usr/lib/lightdm/lightdm
PATH: /usr/local/sbin
PATH: /usr/local/bin
PATH: /usr/sbin
PATH: /usr/bin
PATH: /sbin
PATH: /bin
PATH: /usr/games
PATH: /home/rodrigo/.rvm/bin


## ----------- ##
## Core tests. ##
## ----------- ##

configure:2260: checking build system type
configure:2274: result: x86_64-unknown-linux-gnu
configure:2294: checking host system type
configure:2307: result: x86_64-unknown-linux-gnu
configure:2327: checking target system type
configure:2340: result: x86_64-unknown-linux-gnu
configure:2399: checking for a BSD-compatible install
configure:2467: result: /usr/bin/install -c
configure:2478: checking whether build environment is sane
configure:2528: result: yes
configure:2669: checking for a thread-safe mkdir -p
configure:2708: result: /bin/mkdir -p
configure:2721: checking for gawk
configure:2751: result: no
configure:2721: checking for mawk
configure:2737: found /usr/bin/mawk
configure:2748: result: mawk
configure:2759: checking whether make sets $(MAKE)
configure:2781: result: yes
configure:2908: checking how to print strings
configure:2935: result: printf
configure:2968: checking for style of include used by make
configure:2996: result: GNU
configure:3066: checking for gcc
configure:3082: found /usr/bin/gcc
configure:3093: result: gcc
configure:3322: checking for C compiler version
configure:3331: gcc --version >&5
gcc (Ubuntu/Linaro 4.6.1-9ubuntu3) 4.6.1
Copyright (C) 2011 Free Software Foundation, Inc.
This is free software; see the source for copying conditions.  There is NO
warranty; not even for MERCHANTABILITY or FITNESS FOR A PARTICULAR PURPOSE.

configure:3342: $? = 0
configure:3331: gcc -v >&5
Using built-in specs.
COLLECT_GCC=gcc
COLLECT_LTO_WRAPPER=/usr/lib/gcc/x86_64-linux-gnu/4.6.1/lto-wrapper
Target: x86_64-linux-gnu
Configured with: ../src/configure -v --with-pkgversion='Ubuntu/Linaro 4.6.1-9ubuntu3' --with-bugurl=file:///usr/share/doc/gcc-4.6/README.Bugs --enable-languages=c,c++,fortran,objc,obj-c++,go --prefix=/usr --program-suffix=-4.6 --enable-shared --enable-linker-build-id --with-system-zlib --libexecdir=/usr/lib --without-included-gettext --enable-threads=posix --with-gxx-include-dir=/usr/include/c++/4.6 --libdir=/usr/lib --enable-nls --with-sysroot=/ --enable-clocale=gnu --enable-libstdcxx-debug --enable-libstdcxx-time=yes --enable-plugin --enable-objc-gc --disable-werror --with-arch-32=i686 --with-tune=generic --enable-checking=release --build=x86_64-linux-gnu --host=x86_64-linux-gnu --target=x86_64-linux-gnu
Thread model: posix
gcc version 4.6.1 (Ubuntu/Linaro 4.6.1-9ubuntu3) 
configure:3342: $? = 0
configure:3331: gcc -V >&5
gcc: error: unrecognized option '-V'
gcc: fatal error: no input files
compilation terminated.
configure:3342: $? = 4
configure:3331: gcc -qversion >&5
gcc: error: unrecognized option '-qversion'
gcc: fatal error: no input files
compilation terminated.
configure:3342: $? = 4
configure:3362: checking whether the C compiler works
configure:3384: gcc    conftest.c  >&5
configure:3388: $? = 0
configure:3436: result: yes
configure:3439: checking for C compiler default output file name
configure:3441: result: a.out
configure:3447: checking for suffix of executables
configure:3454: gcc -o conftest    conftest.c  >&5
configure:3458: $? = 0
configure:3480: result: 
configure:3502: checking whether we are cross compiling
configure:3510: gcc -o conftest    conftest.c  >&5
configure:3514: $? = 0
configure:3521: ./conftest
configure:3525: $? = 0
configure:3540: result: no
configure:3545: checking for suffix of object files
configure:3567: gcc -c   conftest.c >&5
configure:3571: $? = 0
configure:3592: result: o
configure:3596: checking whether we are using the GNU C compiler
configure:3615: gcc -c   conftest.c >&5
configure:3615: $? = 0
configure:3624: result: yes
configure:3633: checking whether gcc accepts -g
configure:3653: gcc -c -g  conftest.c >&5
configure:3653: $? = 0
configure:3694: result: yes
configure:3711: checking for gcc option to accept ISO C89
configure:3775: gcc  -c -g -O2  conftest.c >&5
configure:3775: $? = 0
configure:3788: result: none needed
configure:3810: checking dependency style of gcc
configure:3920: result: gcc3
configure:3935: checking for a sed that does not truncate output
configure:3999: result: /bin/sed
configure:4017: checking for grep that handles long lines and -e
configure:4075: result: /bin/grep
configure:4080: checking for egrep
configure:4142: result: /bin/grep -E
configure:4147: checking for fgrep
configure:4209: result: /bin/grep -F
configure:4244: checking for ld used by gcc
configure:4311: result: /usr/bin/ld
configure:4318: checking if the linker (/usr/bin/ld) is GNU ld
configure:4333: result: yes
configure:4345: checking for BSD- or MS-compatible name lister (nm)
configure:4394: result: /usr/bin/nm -B
configure:4524: checking the name lister (/usr/bin/nm -B) interface
configure:4531: gcc -c -g -O2  conftest.c >&5
configure:4534: /usr/bin/nm -B "conftest.o"
configure:4537: output
0000000000000000 B some_variable
configure:4544: result: BSD nm
configure:4547: checking whether ln -s works
configure:4551: result: yes
configure:4559: checking the maximum length of command line arguments
configure:4684: result: 3458764513820540925
configure:4701: checking whether the shell understands some XSI constructs
configure:4711: result: yes
configure:4715: checking whether the shell understands "+="
configure:4721: result: yes
configure:4756: checking how to convert x86_64-unknown-linux-gnu file names to x86_64-unknown-linux-gnu format
configure:4796: result: func_convert_file_noop
configure:4803: checking how to convert x86_64-unknown-linux-gnu file names to toolchain format
configure:4823: result: func_convert_file_noop
configure:4830: checking for /usr/bin/ld option to reload object files
configure:4837: result: -r
configure:4911: checking for objdump
configure:4927: found /usr/bin/objdump
configure:4938: result: objdump
configure:4970: checking how to recognize dependent libraries
configure:5172: result: pass_all
configure:5257: checking for dlltool
configure:5287: result: no
configure:5317: checking how to associate runtime and link libraries
configure:5344: result: printf %s\n
configure:5405: checking for ar
configure:5421: found /usr/bin/ar
configure:5432: result: ar
configure:5469: checking for archiver @FILE support
configure:5486: gcc -c -g -O2  conftest.c >&5
configure:5486: $? = 0
configure:5489: ar cru libconftest.a @conftest.lst >&5
configure:5492: $? = 0
configure:5497: ar cru libconftest.a @conftest.lst >&5
ar: conftest.o: No such file or directory
configure:5500: $? = 1
configure:5512: result: @
configure:5570: checking for strip
configure:5586: found /usr/bin/strip
configure:5597: result: strip
configure:5669: checking for ranlib
configure:5685: found /usr/bin/ranlib
configure:5696: result: ranlib
configure:5798: checking command to parse /usr/bin/nm -B output from gcc object
configure:5917: gcc -c -g -O2  conftest.c >&5
configure:5920: $? = 0
configure:5924: /usr/bin/nm -B conftest.o \| sed -n -e 's/^.*[ ]\([ABCDGIRSTW][ABCDGIRSTW]*\)[ ][ ]*\([_A-Za-z][_A-Za-z0-9]*\)$/\1 \2 \2/p' | sed '/ __gnu_lto/d' \> conftest.nm
configure:5927: $? = 0
configure:5993: gcc -o conftest -g -O2   conftest.c conftstm.o >&5
configure:5996: $? = 0
configure:6034: result: ok
configure:6071: checking for sysroot
configure:6101: result: no
configure:6178: gcc -c -g -O2  conftest.c >&5
configure:6181: $? = 0
configure:6344: checking for mt
configure:6360: found /bin/mt
configure:6371: result: mt
configure:6394: checking if mt is a manifest tool
configure:6400: mt '-?'
configure:6408: result: no
configure:7040: checking how to run the C preprocessor
configure:7071: gcc -E  conftest.c
configure:7071: $? = 0
configure:7085: gcc -E  conftest.c
conftest.c:11:28: fatal error: ac_nonexistent.h: No such file or directory
compilation terminated.
configure:7085: $? = 1
configure: failed program was:
| /* confdefs.h */
| #define PACKAGE_NAME ""
| #define PACKAGE_TARNAME ""
| #define PACKAGE_VERSION ""
| #define PACKAGE_STRING ""
| #define PACKAGE_BUGREPORT ""
| #define PACKAGE_URL ""
| #define PACKAGE "spacemonkey"
| #define VERSION "1.0.0"
| /* end confdefs.h.  */
| #include <ac_nonexistent.h>
configure:7110: result: gcc -E
configure:7130: gcc -E  conftest.c
configure:7130: $? = 0
configure:7144: gcc -E  conftest.c
conftest.c:11:28: fatal error: ac_nonexistent.h: No such file or directory
compilation terminated.
configure:7144: $? = 1
configure: failed program was:
| /* confdefs.h */
| #define PACKAGE_NAME ""
| #define PACKAGE_TARNAME ""
| #define PACKAGE_VERSION ""
| #define PACKAGE_STRING ""
| #define PACKAGE_BUGREPORT ""
| #define PACKAGE_URL ""
| #define PACKAGE "spacemonkey"
| #define VERSION "1.0.0"
| /* end confdefs.h.  */
| #include <ac_nonexistent.h>
configure:7173: checking for ANSI C header files
configure:7193: gcc -c -g -O2  conftest.c >&5
configure:7193: $? = 0
configure:7266: gcc -o conftest -g -O2   conftest.c  >&5
configure:7266: $? = 0
configure:7266: ./conftest
configure:7266: $? = 0
configure:7277: result: yes
configure:7290: checking for sys/types.h
configure:7290: gcc -c -g -O2  conftest.c >&5
configure:7290: $? = 0
configure:7290: result: yes
configure:7290: checking for sys/stat.h
configure:7290: gcc -c -g -O2  conftest.c >&5
configure:7290: $? = 0
configure:7290: result: yes
configure:7290: checking for stdlib.h
configure:7290: gcc -c -g -O2  conftest.c >&5
configure:7290: $? = 0
configure:7290: result: yes
configure:7290: checking for string.h
configure:7290: gcc -c -g -O2  conftest.c >&5
configure:7290: $? = 0
configure:7290: result: yes
configure:7290: checking for memory.h
configure:7290: gcc -c -g -O2  conftest.c >&5
configure:7290: $? = 0
configure:7290: result: yes
configure:7290: checking for strings.h
configure:7290: gcc -c -g -O2  conftest.c >&5
configure:7290: $? = 0
configure:7290: result: yes
configure:7290: checking for inttypes.h
configure:7290: gcc -c -g -O2  conftest.c >&5
configure:7290: $? = 0
configure:7290: result: yes
configure:7290: checking for stdint.h
configure:7290: gcc -c -g -O2  conftest.c >&5
configure:7290: $? = 0
configure:7290: result: yes
configure:7290: checking for unistd.h
configure:7290: gcc -c -g -O2  conftest.c >&5
configure:7290: $? = 0
configure:7290: result: yes
configure:7304: checking for dlfcn.h
configure:7304: gcc -c -g -O2  conftest.c >&5
configure:7304: $? = 0
configure:7304: result: yes
configure:7491: checking for objdir
configure:7506: result: .libs
configure:7777: checking if gcc supports -fno-rtti -fno-exceptions
configure:7795: gcc -c -g -O2  -fno-rtti -fno-exceptions conftest.c >&5
cc1: warning: command line option '-fno-rtti' is valid for C++/ObjC++ but not for C [enabled by default]
configure:7799: $? = 0
configure:7812: result: no
configure:8122: checking for gcc option to produce PIC
configure:8129: result: -fPIC -DPIC
configure:8137: checking if gcc PIC flag -fPIC -DPIC works
configure:8155: gcc -c -g -O2  -fPIC -DPIC -DPIC conftest.c >&5
configure:8159: $? = 0
configure:8172: result: yes
configure:8201: checking if gcc static flag -static works
configure:8229: result: yes
configure:8244: checking if gcc supports -c -o file.o
configure:8265: gcc -c -g -O2  -o out/conftest2.o conftest.c >&5
configure:8269: $? = 0
configure:8291: result: yes
configure:8299: checking if gcc supports -c -o file.o
configure:8346: result: yes
configure:8379: checking whether the gcc linker (/usr/bin/ld -m elf_x86_64) supports shared libraries
configure:9541: result: yes
configure:9578: checking whether -lc should be explicitly linked in
configure:9586: gcc -c -g -O2  conftest.c >&5
configure:9589: $? = 0
configure:9604: gcc -shared  -fPIC -DPIC conftest.o  -v -Wl,-soname -Wl,conftest -o conftest 2\>\&1 \| /bin/grep  -lc  \>/dev/null 2\>\&1
configure:9607: $? = 0
configure:9621: result: no
configure:9786: checking dynamic linker characteristics
configure:10301: gcc -o conftest -g -O2   -Wl,-rpath -Wl,/foo conftest.c  >&5
configure:10301: $? = 0
configure:10535: result: GNU/Linux ld.so
configure:10642: checking how to hardcode library paths into programs
configure:10667: result: immediate
configure:11207: checking whether stripping libraries is possible
configure:11212: result: yes
configure:11247: checking if libtool supports shared libraries
configure:11249: result: yes
configure:11252: checking whether to build shared libraries
configure:11273: result: yes
configure:11276: checking whether to build static libraries
configure:11280: result: yes
configure:11377: checking for g++
configure:11393: found /usr/bin/g++
configure:11404: result: g++
configure:11431: checking for C++ compiler version
configure:11440: g++ --version >&5
g++ (Ubuntu/Linaro 4.6.1-9ubuntu3) 4.6.1
Copyright (C) 2011 Free Software Foundation, Inc.
This is free software; see the source for copying conditions.  There is NO
warranty; not even for MERCHANTABILITY or FITNESS FOR A PARTICULAR PURPOSE.

configure:11451: $? = 0
configure:11440: g++ -v >&5
Using built-in specs.
COLLECT_GCC=g++
COLLECT_LTO_WRAPPER=/usr/lib/gcc/x86_64-linux-gnu/4.6.1/lto-wrapper
Target: x86_64-linux-gnu
Configured with: ../src/configure -v --with-pkgversion='Ubuntu/Linaro 4.6.1-9ubuntu3' --with-bugurl=file:///usr/share/doc/gcc-4.6/README.Bugs --enable-languages=c,c++,fortran,objc,obj-c++,go --prefix=/usr --program-suffix=-4.6 --enable-shared --enable-linker-build-id --with-system-zlib --libexecdir=/usr/lib --without-included-gettext --enable-threads=posix --with-gxx-include-dir=/usr/include/c++/4.6 --libdir=/usr/lib --enable-nls --with-sysroot=/ --enable-clocale=gnu --enable-libstdcxx-debug --enable-libstdcxx-time=yes --enable-plugin --enable-objc-gc --disable-werror --with-arch-32=i686 --with-tune=generic --enable-checking=release --build=x86_64-linux-gnu --host=x86_64-linux-gnu --target=x86_64-linux-gnu
Thread model: posix
gcc version 4.6.1 (Ubuntu/Linaro 4.6.1-9ubuntu3) 
configure:11451: $? = 0
configure:11440: g++ -V >&5
g++: error: unrecognized option '-V'
g++: fatal error: no input files
compilation terminated.
configure:11451: $? = 4
configure:11440: g++ -qversion >&5
g++: error: unrecognized option '-qversion'
g++: fatal error: no input files
compilation terminated.
configure:11451: $? = 4
configure:11455: checking whether we are using the GNU C++ compiler
configure:11474: g++ -c   conftest.cpp >&5
configure:11474: $? = 0
configure:11483: result: yes
configure:11492: checking whether g++ accepts -g
configure:11512: g++ -c -g  conftest.cpp >&5
configure:11512: $? = 0
configure:11553: result: yes
configure:11578: checking dependency style of g++
configure:11688: result: gcc3
configure:11721: checking how to run the C++ preprocessor
configure:11748: g++ -E  conftest.cpp
configure:11748: $? = 0
configure:11762: g++ -E  conftest.cpp
conftest.cpp:23:28: fatal error: ac_nonexistent.h: No such file or directory
compilation terminated.
configure:11762: $? = 1
configure: failed program was:
| /* confdefs.h */
| #define PACKAGE_NAME ""
| #define PACKAGE_TARNAME ""
| #define PACKAGE_VERSION ""
| #define PACKAGE_STRING ""
| #define PACKAGE_BUGREPORT ""
| #define PACKAGE_URL ""
| #define PACKAGE "spacemonkey"
| #define VERSION "1.0.0"
| #define STDC_HEADERS 1
| #define HAVE_SYS_TYPES_H 1
| #define HAVE_SYS_STAT_H 1
| #define HAVE_STDLIB_H 1
| #define HAVE_STRING_H 1
| #define HAVE_MEMORY_H 1
| #define HAVE_STRINGS_H 1
| #define HAVE_INTTYPES_H 1
| #define HAVE_STDINT_H 1
| #define HAVE_UNISTD_H 1
| #define HAVE_DLFCN_H 1
| #define LT_OBJDIR ".libs/"
| /* end confdefs.h.  */
| #include <ac_nonexistent.h>
configure:11787: result: g++ -E
configure:11807: g++ -E  conftest.cpp
configure:11807: $? = 0
configure:11821: g++ -E  conftest.cpp
conftest.cpp:23:28: fatal error: ac_nonexistent.h: No such file or directory
compilation terminated.
configure:11821: $? = 1
configure: failed program was:
| /* confdefs.h */
| #define PACKAGE_NAME ""
| #define PACKAGE_TARNAME ""
| #define PACKAGE_VERSION ""
| #define PACKAGE_STRING ""
| #define PACKAGE_BUGREPORT ""
| #define PACKAGE_URL ""
| #define PACKAGE "spacemonkey"
| #define VERSION "1.0.0"
| #define STDC_HEADERS 1
| #define HAVE_SYS_TYPES_H 1
| #define HAVE_SYS_STAT_H 1
| #define HAVE_STDLIB_H 1
| #define HAVE_STRING_H 1
| #define HAVE_MEMORY_H 1
| #define HAVE_STRINGS_H 1
| #define HAVE_INTTYPES_H 1
| #define HAVE_STDINT_H 1
| #define HAVE_UNISTD_H 1
| #define HAVE_DLFCN_H 1
| #define LT_OBJDIR ".libs/"
| /* end confdefs.h.  */
| #include <ac_nonexistent.h>
configure:11991: checking for ld used by g++
configure:12058: result: /usr/bin/ld -m elf_x86_64
configure:12065: checking if the linker (/usr/bin/ld -m elf_x86_64) is GNU ld
configure:12080: result: yes
configure:12135: checking whether the g++ linker (/usr/bin/ld -m elf_x86_64) supports shared libraries
configure:13139: result: yes
configure:13174: g++ -c -g -O2  conftest.cpp >&5
configure:13177: $? = 0
configure:13697: checking for g++ option to produce PIC
configure:13704: result: -fPIC -DPIC
configure:13712: checking if g++ PIC flag -fPIC -DPIC works
configure:13730: g++ -c -g -O2  -fPIC -DPIC -DPIC conftest.cpp >&5
configure:13734: $? = 0
configure:13747: result: yes
configure:13770: checking if g++ static flag -static works
configure:13798: result: yes
configure:13810: checking if g++ supports -c -o file.o
configure:13831: g++ -c -g -O2  -o out/conftest2.o conftest.cpp >&5
configure:13835: $? = 0
configure:13857: result: yes
configure:13862: checking if g++ supports -c -o file.o
configure:13909: result: yes
configure:13939: checking whether the g++ linker (/usr/bin/ld -m elf_x86_64) supports shared libraries
configure:13976: result: yes
configure:14119: checking dynamic linker characteristics
configure:14802: result: GNU/Linux ld.so
configure:14855: checking how to hardcode library paths into programs
configure:14880: result: immediate
configure:15058: creating ./config.status

## ---------------- ##
## Cache variables. ##
## ---------------- ##

ac_cv_build=x86_64-unknown-linux-gnu
ac_cv_c_compiler_gnu=yes
ac_cv_cxx_compiler_gnu=yes
ac_cv_env_CCC_set=
ac_cv_env_CCC_value=
ac_cv_env_CC_set=
ac_cv_env_CC_value=
ac_cv_env_CFLAGS_set=
ac_cv_env_CFLAGS_value=
ac_cv_env_CPPFLAGS_set=
ac_cv_env_CPPFLAGS_value=
ac_cv_env_CPP_set=
ac_cv_env_CPP_value=
ac_cv_env_CXXCPP_set=
ac_cv_env_CXXCPP_value=
ac_cv_env_CXXFLAGS_set=
ac_cv_env_CXXFLAGS_value=
ac_cv_env_CXX_set=
ac_cv_env_CXX_value=
ac_cv_env_LDFLAGS_set=
ac_cv_env_LDFLAGS_value=
ac_cv_env_LIBS_set=
ac_cv_env_LIBS_value=
ac_cv_env_build_alias_set=
ac_cv_env_build_alias_value=
ac_cv_env_host_alias_set=
ac_cv_env_host_alias_value=
ac_cv_env_target_alias_set=
ac_cv_env_target_alias_value=
ac_cv_header_dlfcn_h=yes
ac_cv_header_inttypes_h=yes
ac_cv_header_memory_h=yes
ac_cv_header_stdc=yes
ac_cv_header_stdint_h=yes
ac_cv_header_stdlib_h=yes
ac_cv_header_string_h=yes
ac_cv_header_strings_h=yes
ac_cv_header_sys_stat_h=yes
ac_cv_header_sys_types_h=yes
ac_cv_header_unistd_h=yes
ac_cv_host=x86_64-unknown-linux-gnu
ac_cv_objext=o
ac_cv_path_EGREP='/bin/grep -E'
ac_cv_path_FGREP='/bin/grep -F'
ac_cv_path_GREP=/bin/grep
ac_cv_path_SED=/bin/sed
ac_cv_path_install='/usr/bin/install -c'
ac_cv_path_mkdir=/bin/mkdir
ac_cv_prog_AWK=mawk
ac_cv_prog_CPP='gcc -E'
ac_cv_prog_CXXCPP='g++ -E'
ac_cv_prog_ac_ct_AR=ar
ac_cv_prog_ac_ct_CC=gcc
ac_cv_prog_ac_ct_CXX=g++
ac_cv_prog_ac_ct_MANIFEST_TOOL=mt
ac_cv_prog_ac_ct_OBJDUMP=objdump
ac_cv_prog_ac_ct_RANLIB=ranlib
ac_cv_prog_ac_ct_STRIP=strip
ac_cv_prog_cc_c89=
ac_cv_prog_cc_g=yes
ac_cv_prog_cxx_g=yes
ac_cv_prog_make_make_set=yes
ac_cv_target=x86_64-unknown-linux-gnu
am_cv_CC_dependencies_compiler_type=gcc3
am_cv_CXX_dependencies_compiler_type=gcc3
lt_cv_ar_at_file=@
lt_cv_archive_cmds_need_lc=no
lt_cv_deplibs_check_method=pass_all
lt_cv_file_magic_cmd='$MAGIC_CMD'
lt_cv_file_magic_test_file=
lt_cv_ld_reload_flag=-r
lt_cv_nm_interface='BSD nm'
lt_cv_objdir=.libs
lt_cv_path_LD=/usr/bin/ld
lt_cv_path_LDCXX='/usr/bin/ld -m elf_x86_64'
lt_cv_path_NM='/usr/bin/nm -B'
lt_cv_path_mainfest_tool=no
lt_cv_prog_compiler_c_o=yes
lt_cv_prog_compiler_c_o_CXX=yes
lt_cv_prog_compiler_pic='-fPIC -DPIC'
lt_cv_prog_compiler_pic_CXX='-fPIC -DPIC'
lt_cv_prog_compiler_pic_works=yes
lt_cv_prog_compiler_pic_works_CXX=yes
lt_cv_prog_compiler_rtti_exceptions=no
lt_cv_prog_compiler_static_works=yes
lt_cv_prog_compiler_static_works_CXX=yes
lt_cv_prog_gnu_ld=yes
lt_cv_prog_gnu_ldcxx=yes
lt_cv_sharedlib_from_linklib_cmd='printf %s\n'
lt_cv_shlibpath_overrides_runpath=no
lt_cv_sys_global_symbol_pipe='sed -n -e '\''s/^.*[	 ]\([ABCDGIRSTW][ABCDGIRSTW]*\)[	 ][	 ]*\([_A-Za-z][_A-Za-z0-9]*\)$/\1 \2 \2/p'\'' | sed '\''/ __gnu_lto/d'\'''
lt_cv_sys_global_symbol_to_c_name_address='sed -n -e '\''s/^: \([^ ]*\)[ ]*$/  {\"\1\", (void *) 0},/p'\'' -e '\''s/^[ABCDGIRSTW]* \([^ ]*\) \([^ ]*\)$/  {"\2", (void *) \&\2},/p'\'''
lt_cv_sys_global_symbol_to_c_name_address_lib_prefix='sed -n -e '\''s/^: \([^ ]*\)[ ]*$/  {\"\1\", (void *) 0},/p'\'' -e '\''s/^[ABCDGIRSTW]* \([^ ]*\) \(lib[^ ]*\)$/  {"\2", (void *) \&\2},/p'\'' -e '\''s/^[ABCDGIRSTW]* \([^ ]*\) \([^ ]*\)$/  {"lib\2", (void *) \&\2},/p'\'''
lt_cv_sys_global_symbol_to_cdecl='sed -n -e '\''s/^T .* \(.*\)$/extern int \1();/p'\'' -e '\''s/^[ABCDGIRSTW]* .* \(.*\)$/extern char \1;/p'\'''
lt_cv_sys_max_cmd_len=3458764513820540925
lt_cv_to_host_file_cmd=func_convert_file_noop
lt_cv_to_tool_file_cmd=func_convert_file_noop

## ----------------- ##
## Output variables. ##
## ----------------- ##

ACLOCAL='${SHELL} /home/rodrigo/spacemonkey-1.0/config/missing --run aclocal-1.11'
AMDEPBACKSLASH='\'
AMDEP_FALSE='#'
AMDEP_TRUE=''
AMTAR='${SHELL} /home/rodrigo/spacemonkey-1.0/config/missing --run tar'
AR='ar'
AUTOCONF='${SHELL} /home/rodrigo/spacemonkey-1.0/config/missing --run autoconf'
AUTOHEADER='${SHELL} /home/rodrigo/spacemonkey-1.0/config/missing --run autoheader'
AUTOMAKE='${SHELL} /home/rodrigo/spacemonkey-1.0/config/missing --run automake-1.11'
AWK='mawk'
CC='gcc'
CCDEPMODE='depmode=gcc3'
CFLAGS='-g -O2'
CPP='gcc -E'
CPPFLAGS=''
CXX='g++'
CXXCPP='g++ -E'
CXXDEPMODE='depmode=gcc3'
CXXFLAGS='-g -O2'
CYGPATH_W='echo'
DEFS='-DHAVE_CONFIG_H'
DEPDIR='.deps'
DLLTOOL='false'
DSYMUTIL=''
DUMPBIN=''
ECHO_C=''
ECHO_N='-n'
ECHO_T=''
EGREP='/bin/grep -E'
EXEEXT=''
FGREP='/bin/grep -F'
GREP='/bin/grep'
INSTALL_DATA='${INSTALL} -m 644'
INSTALL_PROGRAM='${INSTALL}'
INSTALL_SCRIPT='${INSTALL}'
INSTALL_STRIP_PROGRAM='$(install_sh) -c -s'
LD='/usr/bin/ld -m elf_x86_64'
LDFLAGS=''
LIBOBJS=''
LIBS=''
LIBTOOL='$(SHELL) $(top_builddir)/libtool'
LIPO=''
LN_S='ln -s'
LTLIBOBJS=''
LT_CURRENT='1'
LT_RELEASE='1.0.0'
LT_REVISION='0'
MAKEINFO='${SHELL} /home/rodrigo/spacemonkey-1.0/config/missing --run makeinfo'
MANIFEST_TOOL=':'
MKDIR_P='/bin/mkdir -p'
NM='/usr/bin/nm -B'
NMEDIT=''
OBJDUMP='objdump'
OBJEXT='o'
OTOOL64=''
OTOOL=''
PACKAGE='spacemonkey'
PACKAGE_BUGREPORT=''
PACKAGE_NAME=''
PACKAGE_STRING=''
PACKAGE_TARNAME=''
PACKAGE_URL=''
PACKAGE_VERSION=''
PATH_SEPARATOR=':'
RANLIB='ranlib'
SED='/bin/sed'
SET_MAKE=''
SHELL='/bin/bash'
STRIP='strip'
VERSION='1.0.0'
ac_config_aux_dir=''
ac_ct_AR='ar'
ac_ct_CC='gcc'
ac_ct_CXX='g++'
ac_ct_DUMPBIN=''
am__EXEEXT_FALSE=''
am__EXEEXT_TRUE='#'
am__fastdepCC_FALSE='#'
am__fastdepCC_TRUE=''
am__fastdepCXX_FALSE='#'
am__fastdepCXX_TRUE=''
am__include='include'
am__isrc=''
am__leading_dot='.'
am__quote=''
am__tar='${AMTAR} chof - "$$tardir"'
am__untar='${AMTAR} xf -'
bindir='${exec_prefix}/bin'
build='x86_64-unknown-linux-gnu'
build_alias=''
build_cpu='x86_64'
build_os='linux-gnu'
build_vendor='unknown'
datadir='${datarootdir}'
datarootdir='${prefix}/share'
docdir='${datarootdir}/doc/${PACKAGE}'
dvidir='${docdir}'
exec_prefix='${prefix}'
host='x86_64-unknown-linux-gnu'
host_alias=''
host_cpu='x86_64'
host_os='linux-gnu'
host_vendor='unknown'
htmldir='${docdir}'
includedir='${prefix}/include'
infodir='${datarootdir}/info'
install_sh='${SHELL} /home/rodrigo/spacemonkey-1.0/config/install-sh'
libdir='${exec_prefix}/lib'
libexecdir='${exec_prefix}/libexec'
localedir='${datarootdir}/locale'
localstatedir='${prefix}/var'
mandir='${datarootdir}/man'
mkdir_p='/bin/mkdir -p'
oldincludedir='/usr/include'
pdfdir='${docdir}'
prefix='/usr/local'
program_transform_name='s,x,x,'
psdir='${docdir}'
sbindir='${exec_prefix}/sbin'
sharedstatedir='${prefix}/com'
sysconfdir='${prefix}/etc'
target='x86_64-unknown-linux-gnu'
target_alias=''
target_cpu='x86_64'
target_os='linux-gnu'
target_vendor='unknown'

## ----------- ##
## confdefs.h. ##
## ----------- ##

/* confdefs.h */
#define PACKAGE_NAME ""
#define PACKAGE_TARNAME ""
#define PACKAGE_VERSION ""
#define PACKAGE_STRING ""
#define PACKAGE_BUGREPORT ""
#define PACKAGE_URL ""
#define PACKAGE "spacemonkey"
#define VERSION "1.0.0"
#define STDC_HEADERS 1
#define HAVE_SYS_TYPES_H 1
#define HAVE_SYS_STAT_H 1
#define HAVE_STDLIB_H 1
#define HAVE_STRING_H 1
#define HAVE_MEMORY_H 1
#define HAVE_STRINGS_H 1
#define HAVE_INTTYPES_H 1
#define HAVE_STDINT_H 1
#define HAVE_UNISTD_H 1
#define HAVE_DLFCN_H 1
#define LT_OBJDIR ".libs/"

configure: exit 0

## ---------------------- ##
## Running config.status. ##
## ---------------------- ##

This file was extended by config.status, which was
generated by GNU Autoconf 2.68.  Invocation command line was

  CONFIG_FILES    = 
  CONFIG_HEADERS  = 
  CONFIG_LINKS    = 
  CONFIG_COMMANDS = 
  $ ./config.status 

on ubuntu

config.status:1162: creating Makefile
config.status:1162: creating include/Makefile
config.status:1162: creating src/Makefile
config.status:1162: creating resources/Makefile
config.status:1162: creating include/config.h
config.status:1391: executing depfiles commands
config.status:1391: executing libtool commands

## ---------------------- ##
## Running config.status. ##
## ---------------------- ##

This file was extended by config.status, which was
generated by GNU Autoconf 2.68.  Invocation command line was

  CONFIG_FILES    = 
  CONFIG_HEADERS  = 
  CONFIG_LINKS    = 
  CONFIG_COMMANDS = 
  $ ./config.status include/config.h

on ubuntu

config.status:1162: creating include/config.h
config.status:1343: include/config.h is unchanged
