This file contains any messages produced by compilers while
running configure, to aid debugging if configure makes a mistake.

It was created by configure, which was
generated by GNU Autoconf 2.65.  Invocation command line was

  $ ./configure --no-create --no-recursion

## --------- ##
## Platform. ##
## --------- ##

hostname = cotrim-laptop
uname -m = x86_64
uname -r = 2.6.32-45-generic
uname -s = Linux
uname -v = #102-Ubuntu SMP Wed Jan 2 22:38:04 UTC 2013

/usr/bin/uname -p = unknown
/bin/uname -X     = unknown

/bin/arch              = unknown
/usr/bin/arch -k       = unknown
/usr/convex/getsysinfo = unknown
/usr/bin/hostinfo      = unknown
/bin/machine           = unknown
/usr/bin/oslevel       = unknown
/bin/universe          = unknown

PATH: /usr/local/sbin
PATH: /usr/local/bin
PATH: /usr/sbin
PATH: /usr/bin
PATH: /sbin
PATH: /bin
PATH: /usr/games
PATH: /home/cotrim/.rvm/bin


## ----------- ##
## Core tests. ##
## ----------- ##

configure:2378: checking build system type
configure:2392: result: x86_64-unknown-linux-gnu
configure:2412: checking host system type
configure:2425: result: x86_64-unknown-linux-gnu
configure:2445: checking target system type
configure:2458: result: x86_64-unknown-linux-gnu
configure:2517: checking for a BSD-compatible install
configure:2585: result: /usr/bin/install -c
configure:2596: checking whether build environment is sane
configure:2646: result: yes
configure:2787: checking for a thread-safe mkdir -p
configure:2826: result: /bin/mkdir -p
configure:2839: checking for gawk
configure:2855: found /usr/bin/gawk
configure:2866: result: gawk
configure:2877: checking whether make sets $(MAKE)
configure:2899: result: yes
configure:3017: checking for style of include used by make
configure:3045: result: GNU
configure:3115: checking for gcc
configure:3131: found /usr/bin/gcc
configure:3142: result: gcc
configure:3371: checking for C compiler version
configure:3380: gcc --version >&5
gcc (Ubuntu 4.4.3-4ubuntu5.1) 4.4.3
Copyright (C) 2009 Free Software Foundation, Inc.
This is free software; see the source for copying conditions.  There is NO
warranty; not even for MERCHANTABILITY or FITNESS FOR A PARTICULAR PURPOSE.

configure:3391: $? = 0
configure:3380: gcc -v >&5
Using built-in specs.
Target: x86_64-linux-gnu
Configured with: ../src/configure -v --with-pkgversion='Ubuntu 4.4.3-4ubuntu5.1' --with-bugurl=file:///usr/share/doc/gcc-4.4/README.Bugs --enable-languages=c,c++,fortran,objc,obj-c++ --prefix=/usr --enable-shared --enable-multiarch --enable-linker-build-id --with-system-zlib --libexecdir=/usr/lib --without-included-gettext --enable-threads=posix --with-gxx-include-dir=/usr/include/c++/4.4 --program-suffix=-4.4 --enable-nls --enable-clocale=gnu --enable-libstdcxx-debug --enable-plugin --enable-objc-gc --disable-werror --with-arch-32=i486 --with-tune=generic --enable-checking=release --build=x86_64-linux-gnu --host=x86_64-linux-gnu --target=x86_64-linux-gnu
Thread model: posix
gcc version 4.4.3 (Ubuntu 4.4.3-4ubuntu5.1) 
configure:3391: $? = 0
configure:3380: gcc -V >&5
gcc: '-V' option must have argument
configure:3391: $? = 1
configure:3380: gcc -qversion >&5
gcc: unrecognized option '-qversion'
gcc: no input files
configure:3391: $? = 1
configure:3411: checking whether the C compiler works
configure:3433: gcc    conftest.c  >&5
configure:3437: $? = 0
configure:3486: result: yes
configure:3489: checking for C compiler default output file name
configure:3491: result: a.out
configure:3497: checking for suffix of executables
configure:3504: gcc -o conftest    conftest.c  >&5
configure:3508: $? = 0
configure:3530: result: 
configure:3552: checking whether we are cross compiling
configure:3560: gcc -o conftest    conftest.c  >&5
configure:3564: $? = 0
configure:3571: ./conftest
configure:3575: $? = 0
configure:3590: result: no
configure:3595: checking for suffix of object files
configure:3617: gcc -c   conftest.c >&5
configure:3621: $? = 0
configure:3642: result: o
configure:3646: checking whether we are using the GNU C compiler
configure:3665: gcc -c   conftest.c >&5
configure:3665: $? = 0
configure:3674: result: yes
configure:3683: checking whether gcc accepts -g
configure:3703: gcc -c -g  conftest.c >&5
configure:3703: $? = 0
configure:3744: result: yes
configure:3761: checking for gcc option to accept ISO C89
configure:3825: gcc  -c -g -O2  conftest.c >&5
configure:3825: $? = 0
configure:3838: result: none needed
configure:3860: checking dependency style of gcc
configure:3970: result: gcc3
configure:3985: checking for a sed that does not truncate output
configure:4049: result: /bin/sed
configure:4067: checking for grep that handles long lines and -e
configure:4125: result: /bin/grep
configure:4130: checking for egrep
configure:4192: result: /bin/grep -E
configure:4197: checking for fgrep
configure:4259: result: /bin/grep -F
configure:4294: checking for ld used by gcc
configure:4361: result: /usr/bin/ld
configure:4368: checking if the linker (/usr/bin/ld) is GNU ld
configure:4383: result: yes
configure:4395: checking for BSD- or MS-compatible name lister (nm)
configure:4444: result: /usr/bin/nm -B
configure:4562: checking the name lister (/usr/bin/nm -B) interface
configure:4569: gcc -c -g -O2  conftest.c >&5
configure:4572: /usr/bin/nm -B "conftest.o"
configure:4575: output
0000000000000000 B some_variable
configure:4582: result: BSD nm
configure:4585: checking whether ln -s works
configure:4589: result: yes
configure:4597: checking the maximum length of command line arguments
configure:4717: result: 3458764513820540925
configure:4734: checking whether the shell understands some XSI constructs
configure:4744: result: yes
configure:4748: checking whether the shell understands "+="
configure:4754: result: yes
configure:4789: checking for /usr/bin/ld option to reload object files
configure:4796: result: -r
configure:4865: checking for objdump
configure:4881: found /usr/bin/objdump
configure:4892: result: objdump
configure:4924: checking how to recognize dependent libraries
configure:5120: result: pass_all
configure:5180: checking for ar
configure:5196: found /usr/bin/ar
configure:5207: result: ar
configure:5285: checking for strip
configure:5301: found /usr/bin/strip
configure:5312: result: strip
configure:5384: checking for ranlib
configure:5400: found /usr/bin/ranlib
configure:5411: result: ranlib
configure:5501: checking command to parse /usr/bin/nm -B output from gcc object
configure:5619: gcc -c -g -O2  conftest.c >&5
configure:5622: $? = 0
configure:5626: /usr/bin/nm -B conftest.o \| sed -n -e 's/^.*[	 ]\([ABCDGIRSTW][ABCDGIRSTW]*\)[	 ][	 ]*\([_A-Za-z][_A-Za-z0-9]*\)$/\1 \2 \2/p' \> conftest.nm
configure:5629: $? = 0
configure:5683: gcc -o conftest -g -O2   conftest.c conftstm.o >&5
configure:5686: $? = 0
configure:5724: result: ok
configure:5820: gcc -c -g -O2  conftest.c >&5
configure:5823: $? = 0
configure:6533: checking how to run the C preprocessor
configure:6564: gcc -E  conftest.c
configure:6564: $? = 0
configure:6578: gcc -E  conftest.c
conftest.c:11:28: error: ac_nonexistent.h: No such file or directory
configure:6578: $? = 1
configure: failed program was:
| /* confdefs.h */
| #define PACKAGE_NAME ""
| #define PACKAGE_TARNAME ""
| #define PACKAGE_VERSION ""
| #define PACKAGE_STRING ""
| #define PACKAGE_BUGREPORT ""
| #define PACKAGE_URL ""
| #define PACKAGE "spacemonkey"
| #define VERSION "1.0.3"
| /* end confdefs.h.  */
| #include <ac_nonexistent.h>
configure:6603: result: gcc -E
configure:6623: gcc -E  conftest.c
configure:6623: $? = 0
configure:6637: gcc -E  conftest.c
conftest.c:11:28: error: ac_nonexistent.h: No such file or directory
configure:6637: $? = 1
configure: failed program was:
| /* confdefs.h */
| #define PACKAGE_NAME ""
| #define PACKAGE_TARNAME ""
| #define PACKAGE_VERSION ""
| #define PACKAGE_STRING ""
| #define PACKAGE_BUGREPORT ""
| #define PACKAGE_URL ""
| #define PACKAGE "spacemonkey"
| #define VERSION "1.0.3"
| /* end confdefs.h.  */
| #include <ac_nonexistent.h>
configure:6666: checking for ANSI C header files
configure:6686: gcc -c -g -O2  conftest.c >&5
configure:6686: $? = 0
configure:6759: gcc -o conftest -g -O2   conftest.c  >&5
configure:6759: $? = 0
configure:6759: ./conftest
configure:6759: $? = 0
configure:6770: result: yes
configure:6783: checking for sys/types.h
configure:6783: gcc -c -g -O2  conftest.c >&5
configure:6783: $? = 0
configure:6783: result: yes
configure:6783: checking for sys/stat.h
configure:6783: gcc -c -g -O2  conftest.c >&5
configure:6783: $? = 0
configure:6783: result: yes
configure:6783: checking for stdlib.h
configure:6783: gcc -c -g -O2  conftest.c >&5
configure:6783: $? = 0
configure:6783: result: yes
configure:6783: checking for string.h
configure:6783: gcc -c -g -O2  conftest.c >&5
configure:6783: $? = 0
configure:6783: result: yes
configure:6783: checking for memory.h
configure:6783: gcc -c -g -O2  conftest.c >&5
configure:6783: $? = 0
configure:6783: result: yes
configure:6783: checking for strings.h
configure:6783: gcc -c -g -O2  conftest.c >&5
configure:6783: $? = 0
configure:6783: result: yes
configure:6783: checking for inttypes.h
configure:6783: gcc -c -g -O2  conftest.c >&5
configure:6783: $? = 0
configure:6783: result: yes
configure:6783: checking for stdint.h
configure:6783: gcc -c -g -O2  conftest.c >&5
configure:6783: $? = 0
configure:6783: result: yes
configure:6783: checking for unistd.h
configure:6783: gcc -c -g -O2  conftest.c >&5
configure:6783: $? = 0
configure:6783: result: yes
configure:6798: checking for dlfcn.h
configure:6798: gcc -c -g -O2  conftest.c >&5
configure:6798: $? = 0
configure:6798: result: yes
configure:6982: checking for objdir
configure:6997: result: .libs
configure:7293: checking if gcc supports -fno-rtti -fno-exceptions
configure:7311: gcc -c -g -O2  -fno-rtti -fno-exceptions conftest.c >&5
cc1: warning: command line option "-fno-rtti" is valid for C++/ObjC++ but not for C
configure:7315: $? = 0
configure:7328: result: no
configure:7348: checking for gcc option to produce PIC
configure:7620: result: -fPIC -DPIC
configure:7632: checking if gcc PIC flag -fPIC -DPIC works
configure:7650: gcc -c -g -O2  -fPIC -DPIC -DPIC conftest.c >&5
configure:7654: $? = 0
configure:7667: result: yes
configure:7691: checking if gcc static flag -static works
configure:7719: result: yes
configure:7734: checking if gcc supports -c -o file.o
configure:7755: gcc -c -g -O2  -o out/conftest2.o conftest.c >&5
configure:7759: $? = 0
configure:7781: result: yes
configure:7789: checking if gcc supports -c -o file.o
configure:7836: result: yes
configure:7869: checking whether the gcc linker (/usr/bin/ld -m elf_x86_64) supports shared libraries
configure:8860: result: yes
configure:8897: checking whether -lc should be explicitly linked in
configure:8902: gcc -c -g -O2  conftest.c >&5
configure:8905: $? = 0
configure:8920: gcc -shared conftest.o  -v -Wl,-soname -Wl,conftest -o conftest 2\>\&1 \| /bin/grep  -lc  \>/dev/null 2\>\&1
configure:8923: $? = 0
configure:8935: result: no
configure:9099: checking dynamic linker characteristics
configure:9532: gcc -o conftest -g -O2   -Wl,-rpath -Wl,/foo conftest.c  >&5
configure:9532: $? = 0
configure:9762: result: GNU/Linux ld.so
configure:9864: checking how to hardcode library paths into programs
configure:9889: result: immediate
configure:10409: checking whether stripping libraries is possible
configure:10414: result: yes
configure:10449: checking if libtool supports shared libraries
configure:10451: result: yes
configure:10454: checking whether to build shared libraries
configure:10475: result: yes
configure:10478: checking whether to build static libraries
configure:10482: result: yes
configure:10579: checking for g++
configure:10595: found /usr/bin/g++
configure:10606: result: g++
configure:10633: checking for C++ compiler version
configure:10642: g++ --version >&5
g++ (Ubuntu 4.4.3-4ubuntu5.1) 4.4.3
Copyright (C) 2009 Free Software Foundation, Inc.
This is free software; see the source for copying conditions.  There is NO
warranty; not even for MERCHANTABILITY or FITNESS FOR A PARTICULAR PURPOSE.

configure:10653: $? = 0
configure:10642: g++ -v >&5
Using built-in specs.
Target: x86_64-linux-gnu
Configured with: ../src/configure -v --with-pkgversion='Ubuntu 4.4.3-4ubuntu5.1' --with-bugurl=file:///usr/share/doc/gcc-4.4/README.Bugs --enable-languages=c,c++,fortran,objc,obj-c++ --prefix=/usr --enable-shared --enable-multiarch --enable-linker-build-id --with-system-zlib --libexecdir=/usr/lib --without-included-gettext --enable-threads=posix --with-gxx-include-dir=/usr/include/c++/4.4 --program-suffix=-4.4 --enable-nls --enable-clocale=gnu --enable-libstdcxx-debug --enable-plugin --enable-objc-gc --disable-werror --with-arch-32=i486 --with-tune=generic --enable-checking=release --build=x86_64-linux-gnu --host=x86_64-linux-gnu --target=x86_64-linux-gnu
Thread model: posix
gcc version 4.4.3 (Ubuntu 4.4.3-4ubuntu5.1) 
configure:10653: $? = 0
configure:10642: g++ -V >&5
g++: '-V' option must have argument
configure:10653: $? = 1
configure:10642: g++ -qversion >&5
g++: unrecognized option '-qversion'
g++: no input files
configure:10653: $? = 1
configure:10657: checking whether we are using the GNU C++ compiler
configure:10676: g++ -c   conftest.cpp >&5
configure:10676: $? = 0
configure:10685: result: yes
configure:10694: checking whether g++ accepts -g
configure:10714: g++ -c -g  conftest.cpp >&5
configure:10714: $? = 0
configure:10755: result: yes
configure:10780: checking dependency style of g++
configure:10890: result: gcc3
configure:11018: checking for C++ compiler version
configure:11027: g++ --version >&5
g++ (Ubuntu 4.4.3-4ubuntu5.1) 4.4.3
Copyright (C) 2009 Free Software Foundation, Inc.
This is free software; see the source for copying conditions.  There is NO
warranty; not even for MERCHANTABILITY or FITNESS FOR A PARTICULAR PURPOSE.

configure:11038: $? = 0
configure:11027: g++ -v >&5
Using built-in specs.
Target: x86_64-linux-gnu
Configured with: ../src/configure -v --with-pkgversion='Ubuntu 4.4.3-4ubuntu5.1' --with-bugurl=file:///usr/share/doc/gcc-4.4/README.Bugs --enable-languages=c,c++,fortran,objc,obj-c++ --prefix=/usr --enable-shared --enable-multiarch --enable-linker-build-id --with-system-zlib --libexecdir=/usr/lib --without-included-gettext --enable-threads=posix --with-gxx-include-dir=/usr/include/c++/4.4 --program-suffix=-4.4 --enable-nls --enable-clocale=gnu --enable-libstdcxx-debug --enable-plugin --enable-objc-gc --disable-werror --with-arch-32=i486 --with-tune=generic --enable-checking=release --build=x86_64-linux-gnu --host=x86_64-linux-gnu --target=x86_64-linux-gnu
Thread model: posix
gcc version 4.4.3 (Ubuntu 4.4.3-4ubuntu5.1) 
configure:11038: $? = 0
configure:11027: g++ -V >&5
g++: '-V' option must have argument
configure:11038: $? = 1
configure:11027: g++ -qversion >&5
g++: unrecognized option '-qversion'
g++: no input files
configure:11038: $? = 1
configure:11042: checking whether we are using the GNU C++ compiler
configure:11070: result: yes
configure:11079: checking whether g++ accepts -g
configure:11140: result: yes
configure:11165: checking dependency style of g++
configure:11275: result: gcc3
configure:11298: checking how to run the C++ preprocessor
configure:11325: g++ -E  conftest.cpp
configure:11325: $? = 0
configure:11339: g++ -E  conftest.cpp
conftest.cpp:23:28: error: ac_nonexistent.h: No such file or directory
configure:11339: $? = 1
configure: failed program was:
| /* confdefs.h */
| #define PACKAGE_NAME ""
| #define PACKAGE_TARNAME ""
| #define PACKAGE_VERSION ""
| #define PACKAGE_STRING ""
| #define PACKAGE_BUGREPORT ""
| #define PACKAGE_URL ""
| #define PACKAGE "spacemonkey"
| #define VERSION "1.0.3"
| #define STDC_HEADERS 1
| #define HAVE_SYS_TYPES_H 1
| #define HAVE_SYS_STAT_H 1
| #define HAVE_STDLIB_H 1
| #define HAVE_STRING_H 1
| #define HAVE_MEMORY_H 1
| #define HAVE_STRINGS_H 1
| #define HAVE_INTTYPES_H 1
| #define HAVE_STDINT_H 1
| #define HAVE_UNISTD_H 1
| #define HAVE_DLFCN_H 1
| #define LT_OBJDIR ".libs/"
| /* end confdefs.h.  */
| #include <ac_nonexistent.h>
configure:11364: result: g++ -E
configure:11384: g++ -E  conftest.cpp
configure:11384: $? = 0
configure:11398: g++ -E  conftest.cpp
conftest.cpp:23:28: error: ac_nonexistent.h: No such file or directory
configure:11398: $? = 1
configure: failed program was:
| /* confdefs.h */
| #define PACKAGE_NAME ""
| #define PACKAGE_TARNAME ""
| #define PACKAGE_VERSION ""
| #define PACKAGE_STRING ""
| #define PACKAGE_BUGREPORT ""
| #define PACKAGE_URL ""
| #define PACKAGE "spacemonkey"
| #define VERSION "1.0.3"
| #define STDC_HEADERS 1
| #define HAVE_SYS_TYPES_H 1
| #define HAVE_SYS_STAT_H 1
| #define HAVE_STDLIB_H 1
| #define HAVE_STRING_H 1
| #define HAVE_MEMORY_H 1
| #define HAVE_STRINGS_H 1
| #define HAVE_INTTYPES_H 1
| #define HAVE_STDINT_H 1
| #define HAVE_UNISTD_H 1
| #define HAVE_DLFCN_H 1
| #define LT_OBJDIR ".libs/"
| /* end confdefs.h.  */
| #include <ac_nonexistent.h>
configure:11566: checking for ld used by g++
configure:11633: result: /usr/bin/ld -m elf_x86_64
configure:11640: checking if the linker (/usr/bin/ld -m elf_x86_64) is GNU ld
configure:11655: result: yes
configure:11710: checking whether the g++ linker (/usr/bin/ld -m elf_x86_64) supports shared libraries
configure:12623: result: yes
configure:12651: g++ -c -g -O2  conftest.cpp >&5
configure:12654: $? = 0
configure:12836: checking for g++ option to produce PIC
configure:13153: result: -fPIC -DPIC
configure:13162: checking if g++ PIC flag -fPIC -DPIC works
configure:13180: g++ -c -g -O2  -fPIC -DPIC -DPIC conftest.cpp >&5
configure:13184: $? = 0
configure:13197: result: yes
configure:13218: checking if g++ static flag -static works
configure:13246: result: yes
configure:13258: checking if g++ supports -c -o file.o
configure:13279: g++ -c -g -O2  -o out/conftest2.o conftest.cpp >&5
configure:13283: $? = 0
configure:13305: result: yes
configure:13310: checking if g++ supports -c -o file.o
configure:13357: result: yes
configure:13387: checking whether the g++ linker (/usr/bin/ld -m elf_x86_64) supports shared libraries
configure:13416: result: yes
configure:13553: checking dynamic linker characteristics
configure:13934: g++ -o conftest -g -O2   -Wl,-rpath -Wl,/foo conftest.cpp  >&5
configure:13934: $? = 0
configure:14164: result: GNU/Linux ld.so
configure:14215: checking how to hardcode library paths into programs
configure:14240: result: immediate
configure:14409: creating ./config.status

## ---------------- ##
## Cache variables. ##
## ---------------- ##

ac_cv_build=x86_64-unknown-linux-gnu
ac_cv_c_compiler_gnu=yes
ac_cv_cxx_compiler_gnu=yes
ac_cv_env_CCC_set=
ac_cv_env_CCC_value=
ac_cv_env_CC_set=
ac_cv_env_CC_value=
ac_cv_env_CFLAGS_set=
ac_cv_env_CFLAGS_value=
ac_cv_env_CPPFLAGS_set=
ac_cv_env_CPPFLAGS_value=
ac_cv_env_CPP_set=
ac_cv_env_CPP_value=
ac_cv_env_CXXCPP_set=
ac_cv_env_CXXCPP_value=
ac_cv_env_CXXFLAGS_set=
ac_cv_env_CXXFLAGS_value=
ac_cv_env_CXX_set=
ac_cv_env_CXX_value=
ac_cv_env_LDFLAGS_set=
ac_cv_env_LDFLAGS_value=
ac_cv_env_LIBS_set=
ac_cv_env_LIBS_value=
ac_cv_env_build_alias_set=
ac_cv_env_build_alias_value=
ac_cv_env_host_alias_set=
ac_cv_env_host_alias_value=
ac_cv_env_target_alias_set=
ac_cv_env_target_alias_value=
ac_cv_header_dlfcn_h=yes
ac_cv_header_inttypes_h=yes
ac_cv_header_memory_h=yes
ac_cv_header_stdc=yes
ac_cv_header_stdint_h=yes
ac_cv_header_stdlib_h=yes
ac_cv_header_string_h=yes
ac_cv_header_strings_h=yes
ac_cv_header_sys_stat_h=yes
ac_cv_header_sys_types_h=yes
ac_cv_header_unistd_h=yes
ac_cv_host=x86_64-unknown-linux-gnu
ac_cv_objext=o
ac_cv_path_EGREP='/bin/grep -E'
ac_cv_path_FGREP='/bin/grep -F'
ac_cv_path_GREP=/bin/grep
ac_cv_path_SED=/bin/sed
ac_cv_path_install='/usr/bin/install -c'
ac_cv_path_mkdir=/bin/mkdir
ac_cv_prog_AWK=gawk
ac_cv_prog_CPP='gcc -E'
ac_cv_prog_CXXCPP='g++ -E'
ac_cv_prog_ac_ct_AR=ar
ac_cv_prog_ac_ct_CC=gcc
ac_cv_prog_ac_ct_CXX=g++
ac_cv_prog_ac_ct_OBJDUMP=objdump
ac_cv_prog_ac_ct_RANLIB=ranlib
ac_cv_prog_ac_ct_STRIP=strip
ac_cv_prog_cc_c89=
ac_cv_prog_cc_g=yes
ac_cv_prog_cxx_g=yes
ac_cv_prog_make_make_set=yes
ac_cv_target=x86_64-unknown-linux-gnu
am_cv_CC_dependencies_compiler_type=gcc3
am_cv_CXX_dependencies_compiler_type=gcc3
lt_cv_deplibs_check_method=pass_all
lt_cv_file_magic_cmd='$MAGIC_CMD'
lt_cv_file_magic_test_file=
lt_cv_ld_reload_flag=-r
lt_cv_nm_interface='BSD nm'
lt_cv_objdir=.libs
lt_cv_path_LD=/usr/bin/ld
lt_cv_path_LDCXX='/usr/bin/ld -m elf_x86_64'
lt_cv_path_NM='/usr/bin/nm -B'
lt_cv_prog_compiler_c_o=yes
lt_cv_prog_compiler_c_o_CXX=yes
lt_cv_prog_compiler_pic_works=yes
lt_cv_prog_compiler_pic_works_CXX=yes
lt_cv_prog_compiler_rtti_exceptions=no
lt_cv_prog_compiler_static_works=yes
lt_cv_prog_compiler_static_works_CXX=yes
lt_cv_prog_gnu_ld=yes
lt_cv_prog_gnu_ldcxx=yes
lt_cv_sys_global_symbol_pipe='sed -n -e '\''s/^.*[	 ]\([ABCDGIRSTW][ABCDGIRSTW]*\)[	 ][	 ]*\([_A-Za-z][_A-Za-z0-9]*\)$/\1 \2 \2/p'\'''
lt_cv_sys_global_symbol_to_c_name_address='sed -n -e '\''s/^: \([^ ]*\) $/  {\"\1\", (void *) 0},/p'\'' -e '\''s/^[ABCDGIRSTW]* \([^ ]*\) \([^ ]*\)$/  {"\2", (void *) \&\2},/p'\'''
lt_cv_sys_global_symbol_to_c_name_address_lib_prefix='sed -n -e '\''s/^: \([^ ]*\) $/  {\"\1\", (void *) 0},/p'\'' -e '\''s/^[ABCDGIRSTW]* \([^ ]*\) \(lib[^ ]*\)$/  {"\2", (void *) \&\2},/p'\'' -e '\''s/^[ABCDGIRSTW]* \([^ ]*\) \([^ ]*\)$/  {"lib\2", (void *) \&\2},/p'\'''
lt_cv_sys_global_symbol_to_cdecl='sed -n -e '\''s/^T .* \(.*\)$/extern int \1();/p'\'' -e '\''s/^[ABCDGIRSTW]* .* \(.*\)$/extern char \1;/p'\'''
lt_cv_sys_max_cmd_len=3458764513820540925

## ----------------- ##
## Output variables. ##
## ----------------- ##

ACLOCAL='${SHELL} /home/cotrim/Unb/jogos/SPACEMONKEYS/codigo_refatorado/config/missing --run aclocal-1.11'
AMDEPBACKSLASH='\'
AMDEP_FALSE='#'
AMDEP_TRUE=''
AMTAR='${SHELL} /home/cotrim/Unb/jogos/SPACEMONKEYS/codigo_refatorado/config/missing --run tar'
AR='ar'
AUTOCONF='${SHELL} /home/cotrim/Unb/jogos/SPACEMONKEYS/codigo_refatorado/config/missing --run autoconf'
AUTOHEADER='${SHELL} /home/cotrim/Unb/jogos/SPACEMONKEYS/codigo_refatorado/config/missing --run autoheader'
AUTOMAKE='${SHELL} /home/cotrim/Unb/jogos/SPACEMONKEYS/codigo_refatorado/config/missing --run automake-1.11'
AWK='gawk'
CC='gcc'
CCDEPMODE='depmode=gcc3'
CFLAGS='-g -O2'
CPP='gcc -E'
CPPFLAGS=''
CXX='g++'
CXXCPP='g++ -E'
CXXDEPMODE='depmode=gcc3'
CXXFLAGS='-g -O2'
CYGPATH_W='echo'
DEFS='-DHAVE_CONFIG_H'
DEPDIR='.deps'
DSYMUTIL=''
DUMPBIN=''
ECHO_C=''
ECHO_N='-n'
ECHO_T=''
EGREP='/bin/grep -E'
EXEEXT=''
FGREP='/bin/grep -F'
GREP='/bin/grep'
INSTALL_DATA='${INSTALL} -m 644'
INSTALL_PROGRAM='${INSTALL}'
INSTALL_SCRIPT='${INSTALL}'
INSTALL_STRIP_PROGRAM='$(install_sh) -c -s'
LD='/usr/bin/ld -m elf_x86_64'
LDFLAGS=''
LIBOBJS=''
LIBS=''
LIBTOOL='$(SHELL) $(top_builddir)/libtool'
LIPO=''
LN_S='ln -s'
LTLIBOBJS=''
LT_CURRENT='1'
LT_RELEASE='1.0.3'
LT_REVISION='0'
MAKEINFO='${SHELL} /home/cotrim/Unb/jogos/SPACEMONKEYS/codigo_refatorado/config/missing --run makeinfo'
MKDIR_P='/bin/mkdir -p'
NM='/usr/bin/nm -B'
NMEDIT=''
OBJDUMP='objdump'
OBJEXT='o'
OTOOL64=''
OTOOL=''
PACKAGE='spacemonkey'
PACKAGE_BUGREPORT=''
PACKAGE_NAME=''
PACKAGE_STRING=''
PACKAGE_TARNAME=''
PACKAGE_URL=''
PACKAGE_VERSION=''
PATH_SEPARATOR=':'
RANLIB='ranlib'
SED='/bin/sed'
SET_MAKE=''
SHELL='/bin/bash'
STRIP='strip'
VERSION='1.0.3'
ac_config_aux_dir=''
ac_ct_CC='gcc'
ac_ct_CXX='g++'
ac_ct_DUMPBIN=''
am__EXEEXT_FALSE=''
am__EXEEXT_TRUE='#'
am__fastdepCC_FALSE='#'
am__fastdepCC_TRUE=''
am__fastdepCXX_FALSE='#'
am__fastdepCXX_TRUE=''
am__include='include'
am__isrc=''
am__leading_dot='.'
am__quote=''
am__tar='${AMTAR} chof - "$$tardir"'
am__untar='${AMTAR} xf -'
bindir='${exec_prefix}/bin'
build='x86_64-unknown-linux-gnu'
build_alias=''
build_cpu='x86_64'
build_os='linux-gnu'
build_vendor='unknown'
datadir='${datarootdir}'
datarootdir='${prefix}/share'
docdir='${datarootdir}/doc/${PACKAGE}'
dvidir='${docdir}'
exec_prefix='${prefix}'
host='x86_64-unknown-linux-gnu'
host_alias=''
host_cpu='x86_64'
host_os='linux-gnu'
host_vendor='unknown'
htmldir='${docdir}'
includedir='${prefix}/include'
infodir='${datarootdir}/info'
install_sh='${SHELL} /home/cotrim/Unb/jogos/SPACEMONKEYS/codigo_refatorado/config/install-sh'
libdir='${exec_prefix}/lib'
libexecdir='${exec_prefix}/libexec'
localedir='${datarootdir}/locale'
localstatedir='${prefix}/var'
lt_ECHO='echo'
mandir='${datarootdir}/man'
mkdir_p='/bin/mkdir -p'
oldincludedir='/usr/include'
pdfdir='${docdir}'
prefix='/usr/local'
program_transform_name='s,x,x,'
psdir='${docdir}'
sbindir='${exec_prefix}/sbin'
sharedstatedir='${prefix}/com'
sysconfdir='${prefix}/etc'
target='x86_64-unknown-linux-gnu'
target_alias=''
target_cpu='x86_64'
target_os='linux-gnu'
target_vendor='unknown'

## ----------- ##
## confdefs.h. ##
## ----------- ##

/* confdefs.h */
#define PACKAGE_NAME ""
#define PACKAGE_TARNAME ""
#define PACKAGE_VERSION ""
#define PACKAGE_STRING ""
#define PACKAGE_BUGREPORT ""
#define PACKAGE_URL ""
#define PACKAGE "spacemonkey"
#define VERSION "1.0.3"
#define STDC_HEADERS 1
#define HAVE_SYS_TYPES_H 1
#define HAVE_SYS_STAT_H 1
#define HAVE_STDLIB_H 1
#define HAVE_STRING_H 1
#define HAVE_MEMORY_H 1
#define HAVE_STRINGS_H 1
#define HAVE_INTTYPES_H 1
#define HAVE_STDINT_H 1
#define HAVE_UNISTD_H 1
#define HAVE_DLFCN_H 1
#define LT_OBJDIR ".libs/"

configure: exit 0

## ---------------------- ##
## Running config.status. ##
## ---------------------- ##

This file was extended by config.status, which was
generated by GNU Autoconf 2.65.  Invocation command line was

  CONFIG_FILES    = 
  CONFIG_HEADERS  = 
  CONFIG_LINKS    = 
  CONFIG_COMMANDS = 
  $ ./config.status 

on cotrim-laptop

config.status:1146: creating Makefile
config.status:1146: creating include/Makefile
config.status:1146: creating src/Makefile
config.status:1146: creating src/animacao/Makefile
config.status:1146: creating src/eventos/Makefile
config.status:1146: creating src/fase/Makefile
config.status:1146: creating src/game/Makefile
config.status:1146: creating src/inimigos/Makefile
config.status:1146: creating src/mapa/Makefile
config.status:1146: creating src/SDL/Makefile
config.status:1146: creating src/sistemas/Makefile
config.status:1146: creating src/torres/Makefile
config.status:1146: creating src/util/Makefile
config.status:1146: creating src/principal/Makefile
config.status:1146: creating resources/Makefile
config.status:1146: creating include/config.h
config.status:1318: include/config.h is unchanged
config.status:1366: executing depfiles commands
config.status:1366: executing libtool commands
